<?xml version="1.0" encoding="UTF-8"?>
<!-- Generated by org.testng.reporters.JUnitReportReporter -->
<testsuite skipped="0" hostname="LKNDSSJGX3MQ2" name="mainClass.LoginPage" tests="2" failures="0" timestamp="14 May 2019 09:17:20 GMT" time="0.813" errors="0">
  <testcase name="Login" time="0.748" classname="mainClass.LoginPage"/>
  <testcase name="LoginVerification" time="0.065" classname="mainClass.LoginPage"/>
</testsuite> <!-- mainClass.LoginPage -->
